[0.079s] DEBUG:colcon:Command line arguments: ['/usr/bin/colcon', 'build']
[0.079s] DEBUG:colcon:Parsed command line arguments: Namespace(log_base=None, log_level=None, verb_name='build', build_base='build', install_base='install', merge_install=False, symlink_install=False, test_result_base=None, continue_on_error=False, executor='parallel', parallel_workers=16, event_handlers=None, ignore_user_meta=False, metas=['./colcon.meta'], base_paths=['.'], packages_ignore=None, packages_ignore_regex=None, paths=None, packages_up_to=None, packages_up_to_regex=None, packages_above=None, packages_above_and_dependencies=None, packages_above_depth=None, packages_select_by_dep=None, packages_skip_by_dep=None, packages_skip_up_to=None, packages_select_build_failed=False, packages_skip_build_finished=False, packages_select_test_failures=False, packages_skip_test_passed=False, packages_select=None, packages_skip=None, packages_select_regex=None, packages_skip_regex=None, packages_start=None, packages_end=None, cmake_args=None, cmake_target=None, cmake_target_skip_unavailable=False, cmake_clean_cache=False, cmake_clean_first=False, cmake_force_configure=False, ament_cmake_args=None, catkin_cmake_args=None, catkin_skip_building_tests=False, verb_parser=<colcon_defaults.argument_parser.defaults.DefaultArgumentsDecorator object at 0x7d75a78f29f0>, verb_extension=<colcon_core.verb.build.BuildVerb object at 0x7d75a78f28d0>, main=<bound method BuildVerb.main of <colcon_core.verb.build.BuildVerb object at 0x7d75a78f28d0>>)
[0.106s] Level 1:colcon.colcon_core.package_discovery:discover_packages(colcon_meta) check parameters
[0.106s] Level 1:colcon.colcon_core.package_discovery:discover_packages(recursive) check parameters
[0.106s] Level 1:colcon.colcon_core.package_discovery:discover_packages(ignore) check parameters
[0.106s] Level 1:colcon.colcon_core.package_discovery:discover_packages(path) check parameters
[0.106s] Level 1:colcon.colcon_core.package_discovery:discover_packages(colcon_meta) discover
[0.106s] Level 1:colcon.colcon_core.package_discovery:discover_packages(recursive) discover
[0.106s] INFO:colcon.colcon_core.package_discovery:Crawling recursively for packages in '/home/riplab/microros_ws/src/test_robot'
[0.106s] Level 1:colcon.colcon_core.package_identification:_identify(.) by extensions ['ignore', 'ignore_ament_install']
[0.106s] Level 1:colcon.colcon_core.package_identification:_identify(.) by extension 'ignore'
[0.106s] Level 1:colcon.colcon_core.package_identification:_identify(.) by extension 'ignore_ament_install'
[0.106s] Level 1:colcon.colcon_core.package_identification:_identify(.) by extensions ['colcon_pkg']
[0.107s] Level 1:colcon.colcon_core.package_identification:_identify(.) by extension 'colcon_pkg'
[0.107s] Level 1:colcon.colcon_core.package_identification:_identify(.) by extensions ['colcon_meta']
[0.107s] Level 1:colcon.colcon_core.package_identification:_identify(.) by extension 'colcon_meta'
[0.107s] Level 1:colcon.colcon_core.package_identification:_identify(.) by extensions ['ros']
[0.107s] Level 1:colcon.colcon_core.package_identification:_identify(.) by extension 'ros'
[0.127s] DEBUG:colcon.colcon_core.package_identification:Package '.' with type 'ros.ament_cmake' and name 'test_robot'
[0.127s] Level 1:colcon.colcon_core.package_discovery:discover_packages(recursive) using defaults
[0.127s] Level 1:colcon.colcon_core.package_discovery:discover_packages(ignore) discover
[0.127s] Level 1:colcon.colcon_core.package_discovery:discover_packages(ignore) using defaults
[0.127s] Level 1:colcon.colcon_core.package_discovery:discover_packages(path) discover
[0.127s] Level 1:colcon.colcon_core.package_discovery:discover_packages(path) using defaults
[0.140s] Level 5:colcon.colcon_core.verb:set package 'test_robot' build argument 'cmake_args' from command line to 'None'
[0.140s] Level 5:colcon.colcon_core.verb:set package 'test_robot' build argument 'cmake_target' from command line to 'None'
[0.140s] Level 5:colcon.colcon_core.verb:set package 'test_robot' build argument 'cmake_target_skip_unavailable' from command line to 'False'
[0.140s] Level 5:colcon.colcon_core.verb:set package 'test_robot' build argument 'cmake_clean_cache' from command line to 'False'
[0.140s] Level 5:colcon.colcon_core.verb:set package 'test_robot' build argument 'cmake_clean_first' from command line to 'False'
[0.140s] Level 5:colcon.colcon_core.verb:set package 'test_robot' build argument 'cmake_force_configure' from command line to 'False'
[0.140s] Level 5:colcon.colcon_core.verb:set package 'test_robot' build argument 'ament_cmake_args' from command line to 'None'
[0.140s] Level 5:colcon.colcon_core.verb:set package 'test_robot' build argument 'catkin_cmake_args' from command line to 'None'
[0.140s] Level 5:colcon.colcon_core.verb:set package 'test_robot' build argument 'catkin_skip_building_tests' from command line to 'False'
[0.140s] DEBUG:colcon.colcon_core.verb:Building package 'test_robot' with the following arguments: {'ament_cmake_args': None, 'build_base': '/home/riplab/microros_ws/src/test_robot/build/test_robot', 'catkin_cmake_args': None, 'catkin_skip_building_tests': False, 'cmake_args': None, 'cmake_clean_cache': False, 'cmake_clean_first': False, 'cmake_force_configure': False, 'cmake_target': None, 'cmake_target_skip_unavailable': False, 'install_base': '/home/riplab/microros_ws/src/test_robot/install/test_robot', 'merge_install': False, 'path': '/home/riplab/microros_ws/src/test_robot', 'symlink_install': False, 'test_result_base': None}
[0.140s] INFO:colcon.colcon_core.executor:Executing jobs using 'parallel' executor
[0.140s] DEBUG:colcon.colcon_parallel_executor.executor.parallel:run_until_complete
[0.141s] INFO:colcon.colcon_ros.task.ament_cmake.build:Building ROS package in '/home/riplab/microros_ws/src/test_robot' with build type 'ament_cmake'
[0.141s] INFO:colcon.colcon_cmake.task.cmake.build:Building CMake package in '/home/riplab/microros_ws/src/test_robot'
[0.142s] INFO:colcon.colcon_core.plugin_system:Skipping extension 'colcon_core.shell.bat': Not used on non-Windows systems
[0.142s] DEBUG:colcon.colcon_core.shell:Skip shell extension 'dsv' for command environment
[0.149s] DEBUG:colcon.colcon_core.event_handler.log_command:Invoking command in '/home/riplab/microros_ws/src/test_robot/build/test_robot': CMAKE_PREFIX_PATH=${CMAKE_PREFIX_PATH}:/opt/ros/jazzy DEBUGINFOD_URLS=https://debuginfod.ubuntu.com /usr/bin/cmake /home/riplab/microros_ws/src/test_robot -DCMAKE_INSTALL_PREFIX=/home/riplab/microros_ws/src/test_robot/install/test_robot
[0.722s] DEBUG:colcon.colcon_core.event_handler.log_command:Invoked command in '/home/riplab/microros_ws/src/test_robot/build/test_robot' returned '0': CMAKE_PREFIX_PATH=${CMAKE_PREFIX_PATH}:/opt/ros/jazzy DEBUGINFOD_URLS=https://debuginfod.ubuntu.com /usr/bin/cmake /home/riplab/microros_ws/src/test_robot -DCMAKE_INSTALL_PREFIX=/home/riplab/microros_ws/src/test_robot/install/test_robot
[0.722s] DEBUG:colcon.colcon_core.event_handler.log_command:Invoking command in '/home/riplab/microros_ws/src/test_robot/build/test_robot': CMAKE_PREFIX_PATH=${CMAKE_PREFIX_PATH}:/opt/ros/jazzy DEBUGINFOD_URLS=https://debuginfod.ubuntu.com /usr/bin/cmake --build /home/riplab/microros_ws/src/test_robot/build/test_robot -- -j16 -l16
[0.750s] DEBUG:colcon.colcon_core.event_handler.log_command:Invoked command in '/home/riplab/microros_ws/src/test_robot/build/test_robot' returned '0': CMAKE_PREFIX_PATH=${CMAKE_PREFIX_PATH}:/opt/ros/jazzy DEBUGINFOD_URLS=https://debuginfod.ubuntu.com /usr/bin/cmake --build /home/riplab/microros_ws/src/test_robot/build/test_robot -- -j16 -l16
[0.771s] DEBUG:colcon.colcon_core.event_handler.log_command:Invoking command in '/home/riplab/microros_ws/src/test_robot/build/test_robot': CMAKE_PREFIX_PATH=${CMAKE_PREFIX_PATH}:/opt/ros/jazzy DEBUGINFOD_URLS=https://debuginfod.ubuntu.com /usr/bin/cmake --install /home/riplab/microros_ws/src/test_robot/build/test_robot
[0.780s] Level 1:colcon.colcon_core.environment:create_environment_scripts_only(test_robot)
[0.781s] DEBUG:colcon.colcon_core.event_handler.log_command:Invoked command in '/home/riplab/microros_ws/src/test_robot/build/test_robot' returned '0': CMAKE_PREFIX_PATH=${CMAKE_PREFIX_PATH}:/opt/ros/jazzy DEBUGINFOD_URLS=https://debuginfod.ubuntu.com /usr/bin/cmake --install /home/riplab/microros_ws/src/test_robot/build/test_robot
[0.782s] Level 1:colcon.colcon_core.environment:checking '/home/riplab/microros_ws/src/test_robot/install/test_robot' for CMake module files
[0.783s] Level 1:colcon.colcon_core.environment:checking '/home/riplab/microros_ws/src/test_robot/install/test_robot' for CMake config files
[0.783s] Level 1:colcon.colcon_core.shell:create_environment_hook('test_robot', 'cmake_prefix_path')
[0.783s] INFO:colcon.colcon_core.shell:Creating environment descriptor '/home/riplab/microros_ws/src/test_robot/install/test_robot/share/test_robot/hook/cmake_prefix_path.dsv'
[0.783s] INFO:colcon.colcon_core.shell:Creating environment hook '/home/riplab/microros_ws/src/test_robot/install/test_robot/share/test_robot/hook/cmake_prefix_path.sh'
[0.784s] Level 1:colcon.colcon_core.environment:checking '/home/riplab/microros_ws/src/test_robot/install/test_robot/bin'
[0.784s] Level 1:colcon.colcon_core.environment:checking '/home/riplab/microros_ws/src/test_robot/install/test_robot/lib/pkgconfig/test_robot.pc'
[0.785s] Level 1:colcon.colcon_core.environment:checking '/home/riplab/microros_ws/src/test_robot/install/test_robot/lib/python3.12/site-packages'
[0.786s] Level 1:colcon.colcon_core.environment:checking '/home/riplab/microros_ws/src/test_robot/install/test_robot/bin'
[0.786s] INFO:colcon.colcon_core.shell:Creating package descriptor '/home/riplab/microros_ws/src/test_robot/install/test_robot/share/test_robot/package.dsv'
[0.786s] INFO:colcon.colcon_core.shell:Creating package script '/home/riplab/microros_ws/src/test_robot/install/test_robot/share/test_robot/package.sh'
[0.787s] INFO:colcon.colcon_core.shell:Creating package script '/home/riplab/microros_ws/src/test_robot/install/test_robot/share/test_robot/package.bash'
[0.787s] INFO:colcon.colcon_core.shell:Creating package script '/home/riplab/microros_ws/src/test_robot/install/test_robot/share/test_robot/package.zsh'
[0.787s] Level 1:colcon.colcon_core.environment:create_file_with_runtime_dependencies(/home/riplab/microros_ws/src/test_robot/install/test_robot/share/colcon-core/packages/test_robot)
[0.805s] Level 1:colcon.colcon_core.environment:create_environment_scripts_only(test_robot)
[0.805s] Level 1:colcon.colcon_core.environment:checking '/home/riplab/microros_ws/src/test_robot/install/test_robot' for CMake module files
[0.806s] Level 1:colcon.colcon_core.environment:checking '/home/riplab/microros_ws/src/test_robot/install/test_robot' for CMake config files
[0.806s] Level 1:colcon.colcon_core.shell:create_environment_hook('test_robot', 'cmake_prefix_path')
[0.806s] INFO:colcon.colcon_core.shell:Creating environment descriptor '/home/riplab/microros_ws/src/test_robot/install/test_robot/share/test_robot/hook/cmake_prefix_path.dsv'
[0.806s] INFO:colcon.colcon_core.shell:Creating environment hook '/home/riplab/microros_ws/src/test_robot/install/test_robot/share/test_robot/hook/cmake_prefix_path.sh'
[0.807s] Level 1:colcon.colcon_core.environment:checking '/home/riplab/microros_ws/src/test_robot/install/test_robot/bin'
[0.807s] Level 1:colcon.colcon_core.environment:checking '/home/riplab/microros_ws/src/test_robot/install/test_robot/lib/pkgconfig/test_robot.pc'
[0.807s] Level 1:colcon.colcon_core.environment:checking '/home/riplab/microros_ws/src/test_robot/install/test_robot/lib/python3.12/site-packages'
[0.807s] Level 1:colcon.colcon_core.environment:checking '/home/riplab/microros_ws/src/test_robot/install/test_robot/bin'
[0.808s] INFO:colcon.colcon_core.shell:Creating package descriptor '/home/riplab/microros_ws/src/test_robot/install/test_robot/share/test_robot/package.dsv'
[0.808s] INFO:colcon.colcon_core.shell:Creating package script '/home/riplab/microros_ws/src/test_robot/install/test_robot/share/test_robot/package.sh'
[0.808s] INFO:colcon.colcon_core.shell:Creating package script '/home/riplab/microros_ws/src/test_robot/install/test_robot/share/test_robot/package.bash'
[0.809s] INFO:colcon.colcon_core.shell:Creating package script '/home/riplab/microros_ws/src/test_robot/install/test_robot/share/test_robot/package.zsh'
[0.809s] Level 1:colcon.colcon_core.environment:create_file_with_runtime_dependencies(/home/riplab/microros_ws/src/test_robot/install/test_robot/share/colcon-core/packages/test_robot)
[0.810s] DEBUG:colcon.colcon_parallel_executor.executor.parallel:closing loop
[0.810s] DEBUG:colcon.colcon_parallel_executor.executor.parallel:loop closed
[0.810s] DEBUG:colcon.colcon_parallel_executor.executor.parallel:run_until_complete finished with '0'
[0.810s] DEBUG:colcon.colcon_core.event_reactor:joining thread
[0.816s] INFO:colcon.colcon_core.plugin_system:Skipping extension 'colcon_notification.desktop_notification.terminal_notifier': Not used on non-Darwin systems
[0.816s] INFO:colcon.colcon_core.plugin_system:Skipping extension 'colcon_notification.desktop_notification.win32': Not used on non-Windows systems
[0.816s] INFO:colcon.colcon_notification.desktop_notification:Sending desktop notification using 'notify2'
[0.826s] DEBUG:colcon.colcon_core.event_reactor:joined thread
[0.826s] INFO:colcon.colcon_core.shell:Creating prefix script '/home/riplab/microros_ws/src/test_robot/install/local_setup.sh'
[0.827s] INFO:colcon.colcon_core.shell:Creating prefix util module '/home/riplab/microros_ws/src/test_robot/install/_local_setup_util_sh.py'
[0.827s] INFO:colcon.colcon_core.shell:Creating prefix chain script '/home/riplab/microros_ws/src/test_robot/install/setup.sh'
[0.828s] INFO:colcon.colcon_core.shell:Creating prefix script '/home/riplab/microros_ws/src/test_robot/install/local_setup.bash'
[0.828s] INFO:colcon.colcon_core.shell:Creating prefix chain script '/home/riplab/microros_ws/src/test_robot/install/setup.bash'
[0.829s] INFO:colcon.colcon_core.shell:Creating prefix script '/home/riplab/microros_ws/src/test_robot/install/local_setup.zsh'
[0.829s] INFO:colcon.colcon_core.shell:Creating prefix chain script '/home/riplab/microros_ws/src/test_robot/install/setup.zsh'
